<?xml version="1.0" encoding="UTF-8"?>
<!-- Generated by org.testng.reporters.JUnitReportReporter -->
<testsuite hostname="DESKTOP-83QCFHP" failures="0" tests="5" name="practice.DataProviderPracticeTest" time="0.026" errors="0" timestamp="2021-12-24T10:16:19 IST" skipped="0">
  <testcase classname="practice.DataProviderPracticeTest" name="readDataProviderTest" time="0.002"/>
  <system-out/>
  <testcase classname="practice.DataProviderPracticeTest" name="readDataProviderTest" time="0.006"/>
  <system-out/>
  <testcase classname="practice.DataProviderPracticeTest" name="readDataProviderTest" time="0.010"/>
  <system-out/>
  <testcase classname="practice.DataProviderPracticeTest" name="readDataProviderTest" time="0.002"/>
  <system-out/>
  <testcase classname="practice.DataProviderPracticeTest" name="readDataProviderTest" time="0.006"/>
  <system-out/>
</testsuite> <!-- practice.DataProviderPracticeTest -->
