<?xml version="1.0" encoding="UTF-8"?>
<!-- Generated by org.testng.reporters.JUnitReportReporter -->
<testsuite hostname="DESKTOP-83QCFHP" failures="0" tests="1" name="com.crm.Autodesk.TestNG.CreateOrgWithBaseClass" time="25.216" errors="0" timestamp="2021-12-27T23:27:37 IST" skipped="0">
  <testcase classname="com.crm.Autodesk.TestNG.CreateOrgWithBaseClass" name="CreateOrgWithBaseClass" time="25.216"/>
  <system-out/>
</testsuite> <!-- com.crm.Autodesk.TestNG.CreateOrgWithBaseClass -->
