<?xml version="1.0" encoding="UTF-8"?>
<!-- Generated by org.testng.reporters.JUnitReportReporter -->
<testsuite hostname="DESKTOP-83QCFHP" failures="0" tests="1" name="com.crm.Autodesk.TestNG.CreateContactWithBaseClass" time="32.089" errors="0" timestamp="2021-12-27T23:27:37 IST" skipped="0">
  <testcase classname="com.crm.Autodesk.TestNG.CreateContactWithBaseClass" name="CreateContactWithBaseClass" time="32.089"/>
  <system-out/>
</testsuite> <!-- com.crm.Autodesk.TestNG.CreateContactWithBaseClass -->
