<?xml version="1.0" encoding="UTF-8"?>
<!-- Generated by org.testng.reporters.JUnitReportReporter -->
<testsuite hostname="DESKTOP-83QCFHP" failures="0" tests="1" name="com.crm.Autodesk.TestNG.CreateProductWithBaseClass" time="32.356" errors="0" timestamp="2021-12-27T23:27:37 IST" skipped="0">
  <testcase classname="com.crm.Autodesk.TestNG.CreateProductWithBaseClass" name="CreateProductWithBaseClass" time="32.356"/>
  <system-out/>
</testsuite> <!-- com.crm.Autodesk.TestNG.CreateProductWithBaseClass -->
